<?xml version="1.0" encoding="UTF-8"?>
<coverage generated="1674032567854" clover="3.2.0">
  <project timestamp="1674032567854" name="All files">
    <metrics statements="28" coveredstatements="27" conditionals="10" coveredconditionals="10" methods="12" coveredmethods="12" elements="50" coveredelements="49" complexity="0" loc="28" ncloc="28" packages="3" files="11" classes="11"/>
    <package name="App.components.Testings">
      <metrics statements="2" coveredstatements="2" conditionals="0" coveredconditionals="0" methods="1" coveredmethods="1"/>
      <file name="Testings.tsx" path="D:\ReactStart\react-project-1-shop\src\App\components\Testings\Testings.tsx">
        <metrics statements="2" coveredstatements="2" conditionals="0" coveredconditionals="0" methods="1" coveredmethods="1"/>
        <line num="3" count="1" type="stmt"/>
        <line num="4" count="1" type="stmt"/>
      </file>
    </package>
    <package name="__test__.data">
      <metrics statements="2" coveredstatements="2" conditionals="0" coveredconditionals="0" methods="0" coveredmethods="0"/>
      <file name="getDataResponse.ts" path="D:\ReactStart\react-project-1-shop\src\__test__\data\getDataResponse.ts">
        <metrics statements="1" coveredstatements="1" conditionals="0" coveredconditionals="0" methods="0" coveredmethods="0"/>
        <line num="1" count="2" type="stmt"/>
      </file>
      <file name="index.ts" path="D:\ReactStart\react-project-1-shop\src\__test__\data\index.ts">
        <metrics statements="0" coveredstatements="0" conditionals="0" coveredconditionals="0" methods="0" coveredmethods="0"/>
      </file>
      <file name="testMineArray.ts" path="D:\ReactStart\react-project-1-shop\src\__test__\data\testMineArray.ts">
        <metrics statements="1" coveredstatements="1" conditionals="0" coveredconditionals="0" methods="0" coveredmethods="0"/>
        <line num="3" count="2" type="stmt"/>
      </file>
    </package>
    <package name="utils">
      <metrics statements="24" coveredstatements="23" conditionals="10" coveredconditionals="10" methods="11" coveredmethods="11"/>
      <file name="delay.ts" path="D:\ReactStart\react-project-1-shop\src\utils\delay.ts">
        <metrics statements="4" coveredstatements="4" conditionals="0" coveredconditionals="0" methods="3" coveredmethods="3"/>
        <line num="1" count="5" type="stmt"/>
        <line num="2" count="1" type="stmt"/>
        <line num="3" count="1" type="stmt"/>
        <line num="4" count="1" type="stmt"/>
      </file>
      <file name="getData.ts" path="D:\ReactStart\react-project-1-shop\src\utils\getData.ts">
        <metrics statements="6" coveredstatements="5" conditionals="0" coveredconditionals="0" methods="2" coveredmethods="2"/>
        <line num="5" count="5" type="stmt"/>
        <line num="6" count="1" type="stmt"/>
        <line num="7" count="1" type="stmt"/>
        <line num="10" count="3" type="stmt"/>
        <line num="11" count="1" type="stmt"/>
        <line num="13" count="0" type="stmt"/>
      </file>
      <file name="incomTotalCount.ts" path="D:\ReactStart\react-project-1-shop\src\utils\incomTotalCount.ts">
        <metrics statements="4" coveredstatements="4" conditionals="4" coveredconditionals="4" methods="2" coveredmethods="2"/>
        <line num="4" count="6" type="stmt"/>
        <line num="5" count="5" type="cond" truecount="2" falsecount="0"/>
        <line num="6" count="1" type="stmt"/>
        <line num="8" count="20" type="cond" truecount="2" falsecount="0"/>
      </file>
      <file name="index.ts" path="D:\ReactStart\react-project-1-shop\src\utils\index.ts">
        <metrics statements="0" coveredstatements="0" conditionals="0" coveredconditionals="0" methods="0" coveredmethods="0"/>
      </file>
      <file name="mapArrayToString.ts" path="D:\ReactStart\react-project-1-shop\src\utils\mapArrayToString.ts">
        <metrics statements="2" coveredstatements="2" conditionals="0" coveredconditionals="0" methods="2" coveredmethods="2"/>
        <line num="4" count="5" type="stmt"/>
        <line num="5" count="15" type="stmt"/>
      </file>
      <file name="square.ts" path="D:\ReactStart\react-project-1-shop\src\utils\square.ts">
        <metrics statements="4" coveredstatements="4" conditionals="2" coveredconditionals="2" methods="1" coveredmethods="1"/>
        <line num="3" count="5" type="stmt"/>
        <line num="4" count="9" type="cond" truecount="2" falsecount="0"/>
        <line num="5" count="2" type="stmt"/>
        <line num="7" count="7" type="stmt"/>
      </file>
      <file name="sumDiscount.ts" path="D:\ReactStart\react-project-1-shop\src\utils\sumDiscount.ts">
        <metrics statements="4" coveredstatements="4" conditionals="4" coveredconditionals="4" methods="1" coveredmethods="1"/>
        <line num="2" count="5" type="stmt"/>
        <line num="3" count="8" type="cond" truecount="4" falsecount="0"/>
        <line num="4" count="3" type="stmt"/>
        <line num="6" count="5" type="stmt"/>
      </file>
    </package>
  </project>
</coverage>
