{"D:\\ReactStart\\react-project-1-shop\\src\\App\\components\\Testings\\Testings.tsx": {"path":"D:\\ReactStart\\react-project-1-shop\\src\\App\\components\\Testings\\Testings.tsx","statementMap":{"0":{"start":{"line":3,"column":17},"end":{"line":9,"column":1}},"1":{"start":{"line":4,"column":2},"end":{"line":8,"column":4}}},"fnMap":{"0":{"name":"(anonymous_0)","decl":{"start":{"line":3,"column":17},"end":{"line":3,"column":18}},"loc":{"start":{"line":3,"column":23},"end":{"line":9,"column":1}},"line":3}},"branchMap":{},"s":{"0":1,"1":1},"f":{"0":1},"b":{},"_coverageSchema":"1a1c01bbd47fc00a2c39e90264f33305004495a9","hash":"a5d66cd90822ff377255c64c6407a38cf8bdefa1"}
,"D:\\ReactStart\\react-project-1-shop\\src\\__test__\\data\\getDataResponse.ts": {"path":"D:\\ReactStart\\react-project-1-shop\\src\\__test__\\data\\getDataResponse.ts","statementMap":{"0":{"start":{"line":1,"column":25},"end":{"line":73,"column":1}}},"fnMap":{},"branchMap":{},"s":{"0":2},"f":{},"b":{},"_coverageSchema":"1a1c01bbd47fc00a2c39e90264f33305004495a9","hash":"c0e237af33039611a6caadd855e09ffc2a9f92a4"}
,"D:\\ReactStart\\react-project-1-shop\\src\\__test__\\data\\index.ts": {"path":"D:\\ReactStart\\react-project-1-shop\\src\\__test__\\data\\index.ts","statementMap":{},"fnMap":{},"branchMap":{},"s":{},"f":{},"b":{},"_coverageSchema":"1a1c01bbd47fc00a2c39e90264f33305004495a9","hash":"9efc8c65f0565acfb8868e7842387625896fcc07"}
,"D:\\ReactStart\\react-project-1-shop\\src\\__test__\\data\\testMineArray.ts": {"path":"D:\\ReactStart\\react-project-1-shop\\src\\__test__\\data\\testMineArray.ts","statementMap":{"0":{"start":{"line":3,"column":34},"end":{"line":9,"column":1}}},"fnMap":{},"branchMap":{},"s":{"0":2},"f":{},"b":{},"_coverageSchema":"1a1c01bbd47fc00a2c39e90264f33305004495a9","hash":"2ea4040ad7b081f190b5284b2ca7cdcafe52d1a9"}
,"D:\\ReactStart\\react-project-1-shop\\src\\utils\\delay.ts": {"path":"D:\\ReactStart\\react-project-1-shop\\src\\utils\\delay.ts","statementMap":{"0":{"start":{"line":1,"column":14},"end":{"line":7,"column":1}},"1":{"start":{"line":2,"column":2},"end":{"line":6,"column":4}},"2":{"start":{"line":3,"column":5},"end":{"line":5,"column":9}},"3":{"start":{"line":4,"column":6},"end":{"line":4,"column":25}}},"fnMap":{"0":{"name":"(anonymous_0)","decl":{"start":{"line":1,"column":14},"end":{"line":1,"column":15}},"loc":{"start":{"line":1,"column":67},"end":{"line":7,"column":1}},"line":1},"1":{"name":"(anonymous_1)","decl":{"start":{"line":2,"column":21},"end":{"line":2,"column":22}},"loc":{"start":{"line":2,"column":32},"end":{"line":6,"column":3}},"line":2},"2":{"name":"(anonymous_2)","decl":{"start":{"line":3,"column":16},"end":{"line":3,"column":17}},"loc":{"start":{"line":3,"column":22},"end":{"line":5,"column":5}},"line":3}},"branchMap":{},"s":{"0":5,"1":1,"2":1,"3":1},"f":{"0":1,"1":1,"2":1},"b":{},"_coverageSchema":"1a1c01bbd47fc00a2c39e90264f33305004495a9","hash":"fb7f53c18a65c53425fcf71d957c8b3db47398f9"}
,"D:\\ReactStart\\react-project-1-shop\\src\\utils\\getData.ts": {"path":"D:\\ReactStart\\react-project-1-shop\\src\\utils\\getData.ts","statementMap":{"0":{"start":{"line":5,"column":16},"end":{"line":15,"column":1}},"1":{"start":{"line":6,"column":2},"end":{"line":14,"column":3}},"2":{"start":{"line":7,"column":21},"end":{"line":9,"column":5}},"3":{"start":{"line":10,"column":21},"end":{"line":10,"column":62}},"4":{"start":{"line":10,"column":54},"end":{"line":10,"column":61}},"5":{"start":{"line":11,"column":4},"end":{"line":11,"column":38}},"6":{"start":{"line":13,"column":4},"end":{"line":13,"column":25}}},"fnMap":{"0":{"name":"(anonymous_0)","decl":{"start":{"line":5,"column":16},"end":{"line":5,"column":17}},"loc":{"start":{"line":5,"column":53},"end":{"line":15,"column":1}},"line":5},"1":{"name":"(anonymous_1)","decl":{"start":{"line":10,"column":39},"end":{"line":10,"column":40}},"loc":{"start":{"line":10,"column":54},"end":{"line":10,"column":61}},"line":10}},"branchMap":{},"s":{"0":5,"1":1,"2":1,"3":1,"4":3,"5":1,"6":0},"f":{"0":1,"1":3},"b":{},"_coverageSchema":"1a1c01bbd47fc00a2c39e90264f33305004495a9","hash":"5dcadf28a751dbcc0058969eb78d350214712991"}
,"D:\\ReactStart\\react-project-1-shop\\src\\utils\\incomTotalCount.ts": {"path":"D:\\ReactStart\\react-project-1-shop\\src\\utils\\incomTotalCount.ts","statementMap":{"0":{"start":{"line":4,"column":24},"end":{"line":9,"column":1}},"1":{"start":{"line":5,"column":2},"end":{"line":7,"column":3}},"2":{"start":{"line":6,"column":4},"end":{"line":6,"column":13}},"3":{"start":{"line":8,"column":2},"end":{"line":8,"column":91}},"4":{"start":{"line":8,"column":35},"end":{"line":8,"column":87}}},"fnMap":{"0":{"name":"(anonymous_0)","decl":{"start":{"line":4,"column":24},"end":{"line":4,"column":25}},"loc":{"start":{"line":4,"column":78},"end":{"line":9,"column":1}},"line":4},"1":{"name":"(anonymous_1)","decl":{"start":{"line":8,"column":20},"end":{"line":8,"column":21}},"loc":{"start":{"line":8,"column":35},"end":{"line":8,"column":87}},"line":8}},"branchMap":{"0":{"loc":{"start":{"line":5,"column":2},"end":{"line":7,"column":3}},"type":"if","locations":[{"start":{"line":5,"column":2},"end":{"line":7,"column":3}},{"start":{},"end":{}}],"line":5},"1":{"loc":{"start":{"line":8,"column":35},"end":{"line":8,"column":87}},"type":"cond-expr","locations":[{"start":{"line":8,"column":64},"end":{"line":8,"column":81}},{"start":{"line":8,"column":84},"end":{"line":8,"column":87}}],"line":8}},"s":{"0":6,"1":5,"2":1,"3":4,"4":20},"f":{"0":5,"1":20},"b":{"0":[1,4],"1":[5,15]},"_coverageSchema":"1a1c01bbd47fc00a2c39e90264f33305004495a9","hash":"6e9f34c278e5c6b786fc106c42b29598ff08867d"}
,"D:\\ReactStart\\react-project-1-shop\\src\\utils\\index.ts": {"path":"D:\\ReactStart\\react-project-1-shop\\src\\utils\\index.ts","statementMap":{},"fnMap":{},"branchMap":{},"s":{},"f":{},"b":{},"_coverageSchema":"1a1c01bbd47fc00a2c39e90264f33305004495a9","hash":"b3a653d83d717c36780a40ca7899f15f08d67295"}
,"D:\\ReactStart\\react-project-1-shop\\src\\utils\\mapArrayToString.ts": {"path":"D:\\ReactStart\\react-project-1-shop\\src\\utils\\mapArrayToString.ts","statementMap":{"0":{"start":{"line":4,"column":25},"end":{"line":7,"column":1}},"1":{"start":{"line":5,"column":2},"end":{"line":6,"column":14}},"2":{"start":{"line":5,"column":28},"end":{"line":5,"column":50}}},"fnMap":{"0":{"name":"(anonymous_0)","decl":{"start":{"line":4,"column":25},"end":{"line":4,"column":26}},"loc":{"start":{"line":4,"column":44},"end":{"line":7,"column":1}},"line":4},"1":{"name":"(anonymous_1)","decl":{"start":{"line":5,"column":20},"end":{"line":5,"column":21}},"loc":{"start":{"line":5,"column":28},"end":{"line":5,"column":50}},"line":5}},"branchMap":{},"s":{"0":5,"1":6,"2":15},"f":{"0":6,"1":15},"b":{},"_coverageSchema":"1a1c01bbd47fc00a2c39e90264f33305004495a9","hash":"7f93f4917d171d758d856e27179a76b0fe04ee4b"}
,"D:\\ReactStart\\react-project-1-shop\\src\\utils\\square.ts": {"path":"D:\\ReactStart\\react-project-1-shop\\src\\utils\\square.ts","statementMap":{"0":{"start":{"line":3,"column":15},"end":{"line":8,"column":1}},"1":{"start":{"line":4,"column":2},"end":{"line":6,"column":3}},"2":{"start":{"line":5,"column":4},"end":{"line":5,"column":12}},"3":{"start":{"line":7,"column":2},"end":{"line":7,"column":28}}},"fnMap":{"0":{"name":"(anonymous_0)","decl":{"start":{"line":3,"column":15},"end":{"line":3,"column":16}},"loc":{"start":{"line":3,"column":43},"end":{"line":8,"column":1}},"line":3}},"branchMap":{"0":{"loc":{"start":{"line":4,"column":2},"end":{"line":6,"column":3}},"type":"if","locations":[{"start":{"line":4,"column":2},"end":{"line":6,"column":3}},{"start":{},"end":{}}],"line":4}},"s":{"0":5,"1":9,"2":2,"3":7},"f":{"0":9},"b":{"0":[2,7]},"_coverageSchema":"1a1c01bbd47fc00a2c39e90264f33305004495a9","hash":"ee9cb6510adfac5c06b7a4e994f8a72d5d82a34e"}
,"D:\\ReactStart\\react-project-1-shop\\src\\utils\\sumDiscount.ts": {"path":"D:\\ReactStart\\react-project-1-shop\\src\\utils\\sumDiscount.ts","statementMap":{"0":{"start":{"line":2,"column":30},"end":{"line":7,"column":1}},"1":{"start":{"line":3,"column":2},"end":{"line":5,"column":3}},"2":{"start":{"line":4,"column":4},"end":{"line":4,"column":12}},"3":{"start":{"line":6,"column":1},"end":{"line":6,"column":38}}},"fnMap":{"0":{"name":"(anonymous_0)","decl":{"start":{"line":2,"column":30},"end":{"line":2,"column":31}},"loc":{"start":{"line":2,"column":54},"end":{"line":7,"column":1}},"line":2}},"branchMap":{"0":{"loc":{"start":{"line":3,"column":2},"end":{"line":5,"column":3}},"type":"if","locations":[{"start":{"line":3,"column":2},"end":{"line":5,"column":3}},{"start":{},"end":{}}],"line":3},"1":{"loc":{"start":{"line":3,"column":6},"end":{"line":3,"column":14}},"type":"binary-expr","locations":[{"start":{"line":3,"column":6},"end":{"line":3,"column":8}},{"start":{"line":3,"column":12},"end":{"line":3,"column":14}}],"line":3}},"s":{"0":5,"1":8,"2":3,"3":5},"f":{"0":8},"b":{"0":[3,5],"1":[8,5]},"_coverageSchema":"1a1c01bbd47fc00a2c39e90264f33305004495a9","hash":"8c7700ebd3d7eb529e95c7c7ea8dfe76ed9b6dfa"}
}
