TN:
SF:src\App\components\Testings\Testings.tsx
FN:3,(anonymous_0)
FNF:1
FNH:1
FNDA:1,(anonymous_0)
DA:3,1
DA:4,1
LF:2
LH:2
BRF:0
BRH:0
end_of_record
TN:
SF:src\__test__\data\getDataResponse.ts
FNF:0
FNH:0
DA:1,2
LF:1
LH:1
BRF:0
BRH:0
end_of_record
TN:
SF:src\__test__\data\index.ts
FNF:0
FNH:0
LF:0
LH:0
BRF:0
BRH:0
end_of_record
TN:
SF:src\__test__\data\testMineArray.ts
FNF:0
FNH:0
DA:3,2
LF:1
LH:1
BRF:0
BRH:0
end_of_record
TN:
SF:src\utils\delay.ts
FN:1,(anonymous_0)
FN:2,(anonymous_1)
FN:3,(anonymous_2)
FNF:3
FNH:3
FNDA:1,(anonymous_0)
FNDA:1,(anonymous_1)
FNDA:1,(anonymous_2)
DA:1,5
DA:2,1
DA:3,1
DA:4,1
LF:4
LH:4
BRF:0
BRH:0
end_of_record
TN:
SF:src\utils\getData.ts
FN:5,(anonymous_0)
FN:10,(anonymous_1)
FNF:2
FNH:2
FNDA:1,(anonymous_0)
FNDA:3,(anonymous_1)
DA:5,5
DA:6,1
DA:7,1
DA:10,3
DA:11,1
DA:13,0
LF:6
LH:5
BRF:0
BRH:0
end_of_record
TN:
SF:src\utils\incomTotalCount.ts
FN:4,(anonymous_0)
FN:8,(anonymous_1)
FNF:2
FNH:2
FNDA:5,(anonymous_0)
FNDA:20,(anonymous_1)
DA:4,6
DA:5,5
DA:6,1
DA:8,20
LF:4
LH:4
BRDA:5,0,0,1
BRDA:5,0,1,4
BRDA:8,1,0,5
BRDA:8,1,1,15
BRF:4
BRH:4
end_of_record
TN:
SF:src\utils\index.ts
FNF:0
FNH:0
LF:0
LH:0
BRF:0
BRH:0
end_of_record
TN:
SF:src\utils\mapArrayToString.ts
FN:4,(anonymous_0)
FN:5,(anonymous_1)
FNF:2
FNH:2
FNDA:6,(anonymous_0)
FNDA:15,(anonymous_1)
DA:4,5
DA:5,15
LF:2
LH:2
BRF:0
BRH:0
end_of_record
TN:
SF:src\utils\square.ts
FN:3,(anonymous_0)
FNF:1
FNH:1
FNDA:9,(anonymous_0)
DA:3,5
DA:4,9
DA:5,2
DA:7,7
LF:4
LH:4
BRDA:4,0,0,2
BRDA:4,0,1,7
BRF:2
BRH:2
end_of_record
TN:
SF:src\utils\sumDiscount.ts
FN:2,(anonymous_0)
FNF:1
FNH:1
FNDA:8,(anonymous_0)
DA:2,5
DA:3,8
DA:4,3
DA:6,5
LF:4
LH:4
BRDA:3,0,0,3
BRDA:3,0,1,5
BRDA:3,1,0,8
BRDA:3,1,1,5
BRF:4
BRH:4
end_of_record
